{
  "RSpec": {
    "coverage": {
      "/home/renato/Área de Trabalho/alvoroco/app/models/user.rb": [
        1,
        null,
        null,
        1,
        null,
        null
      ],
      "/home/renato/Área de Trabalho/alvoroco/app/models/application_record.rb": [
        1,
        1,
        null
      ],
      "/home/renato/Área de Trabalho/alvoroco/app/helpers/api/v1/videos_helper.rb": [
        1,
        null
      ],
      "/home/renato/Área de Trabalho/alvoroco/app/helpers/application_helper.rb": [
        1,
        null
      ],
      "/home/renato/Área de Trabalho/alvoroco/app/helpers/dashboard/home_helper.rb": [
        1,
        null
      ],
      "/home/renato/Área de Trabalho/alvoroco/app/helpers/home_helper.rb": [
        1,
        null
      ],
      "/home/renato/Área de Trabalho/alvoroco/app/controllers/api/v1/films_controller.rb": [
        1,
        1,
        null,
        1,
        1,
        0,
        0,
        null,
        1,
        null,
        null,
        1,
        1,
        0,
        0,
        null,
        null
      ],
      "/home/renato/Área de Trabalho/alvoroco/app/controllers/application_controller.rb": [
        1,
        null,
        1,
        1,
        1,
        null,
        1,
        null
      ],
      "/home/renato/Área de Trabalho/alvoroco/lib/application_responder.rb": [
        1,
        1,
        1,
        null,
        null,
        null,
        null,
        null
      ],
      "/home/renato/Área de Trabalho/alvoroco/app/controllers/api/v1/projects_controller.rb": [
        1,
        1,
        null,
        1,
        1,
        0,
        0,
        null,
        1,
        null,
        null,
        1,
        1,
        0,
        0,
        null,
        null
      ],
      "/home/renato/Área de Trabalho/alvoroco/app/controllers/api/v1/videos_controller.rb": [
        1,
        1,
        1,
        null,
        1,
        0,
        0,
        null,
        1,
        null,
        null,
        1,
        1,
        0,
        0,
        null,
        null
      ],
      "/home/renato/Área de Trabalho/alvoroco/app/controllers/dashboard/home_controller.rb": [
        1,
        1,
        1,
        null,
        null
      ],
      "/home/renato/Área de Trabalho/alvoroco/app/controllers/home_controller.rb": [
        1,
        1,
        0,
        null,
        null
      ],
      "/home/renato/Área de Trabalho/alvoroco/app/mailers/contact_mailer.rb": [
        1,
        null,
        1,
        null,
        null,
        null,
        null,
        1,
        0,
        0,
        null,
        null,
        null,
        null,
        null,
        null,
        null,
        null,
        null,
        1,
        0,
        0,
        null,
        null,
        null,
        null,
        null
      ],
      "/home/renato/Área de Trabalho/alvoroco/app/mailers/application_mailer.rb": [
        1,
        1,
        1,
        null
      ],
      "/home/renato/Área de Trabalho/alvoroco/app/models/contact.rb": [
        1,
        1,
        1,
        null,
        1,
        null,
        1,
        0,
        0,
        0,
        0,
        null,
        null,
        1,
        0,
        null,
        null,
        1,
        null,
        null,
        null,
        null,
        null,
        1,
        null,
        null,
        null,
        null,
        null,
        1,
        null,
        null,
        null,
        null,
        null,
        1,
        null,
        null,
        null,
        null,
        null
      ],
      "/home/renato/Área de Trabalho/alvoroco/app/models/film.rb": [
        1,
        1,
        1,
        null,
        1,
        null,
        null,
        null,
        null,
        null,
        1,
        null,
        null,
        null,
        null,
        null
      ],
      "/home/renato/Área de Trabalho/alvoroco/app/models/project.rb": [
        1,
        null
      ],
      "/home/renato/Área de Trabalho/alvoroco/app/models/video.rb": [
        1,
        1,
        1,
        null,
        1,
        null,
        null,
        null,
        null,
        null,
        1,
        null,
        null,
        null,
        null,
        null,
        1,
        null,
        null,
        null,
        null,
        null
      ],
      "/home/renato/Área de Trabalho/alvoroco/app/channels/application_cable/channel.rb": [
        0,
        0,
        0,
        0
      ],
      "/home/renato/Área de Trabalho/alvoroco/app/channels/application_cable/connection.rb": [
        0,
        0,
        0,
        0
      ],
      "/home/renato/Área de Trabalho/alvoroco/app/uploaders/file_uploader.rb": [
        0,
        null,
        null,
        null,
        null,
        null,
        null,
        0,
        null,
        null,
        null,
        null,
        0,
        0,
        0,
        null,
        null,
        null,
        null,
        null,
        null,
        null,
        null,
        null,
        null,
        null,
        null,
        null,
        null,
        null,
        null,
        null,
        null,
        null,
        null,
        null,
        null,
        null,
        0,
        0,
        0,
        null,
        null,
        null,
        null,
        null,
        null,
        null,
        0
      ],
      "/home/renato/Área de Trabalho/alvoroco/app/jobs/application_job.rb": [
        0,
        0
      ]
    },
    "timestamp": 1514733065
  }
}
